<?xml version="1.0" encoding="UTF-8" standalone="no"?><Transaction xmlns:xsd="http://www.w3.org/2001/XMLSchema" xmlns:xsi="http://www.w3.org/2001/XMLSchema-instance" Version="15.1.5.4"><TransactionAttributes><ContextItem><Name>Description</Name><Description>Transaction Description</Description><MinRange>0</MinRange><MaxRange>0</MaxRange><Value xsi:type="string"/><ReadOnly>true</ReadOnly><AlertXMLAssigned>false</AlertXMLAssigned></ContextItem><ContextItem><Name>Comments</Name><Description>User Comments</Description><MinRange>0</MinRange><MaxRange>0</MaxRange><Value xsi:type="string"/><ReadOnly>true</ReadOnly><AlertXMLAssigned>false</AlertXMLAssigned></ContextItem><ContextItem><Name>CreatedBy</Name><Description>Created By</Description><MinRange>0</MinRange><MaxRange>0</MaxRange><Value xsi:type="string">Vignesh</Value><ReadOnly>true</ReadOnly><AlertXMLAssigned>false</AlertXMLAssigned></ContextItem><ContextItem><Name>CreationDate</Name><Description>Creation Date</Description><MinRange>0</MinRange><MaxRange>0</MaxRange><Value xsi:type="dateTime">2021-05-14T12:06:49</Value><ReadOnly>true</ReadOnly><AlertXMLAssigned>false</AlertXMLAssigned></ContextItem><ContextItem><Name>Category</Name><Description>Transaction Category</Description><MinRange>0</MinRange><MaxRange>0</MaxRange><Value xsi:type="string"/><ReadOnly>true</ReadOnly><AlertXMLAssigned>false</AlertXMLAssigned></ContextItem><ContextItem><Name>Status</Name><Description>Deployment Status</Description><MinRange>0</MinRange><MaxRange>0</MaxRange><Value xsi:type="string">DEVELOPMENT</Value><ReadOnly>true</ReadOnly><AlertXMLAssigned>false</AlertXMLAssigned></ContextItem><ContextItem><Name>LegacyProcessingMode</Name><Description>Support the pre MII 12.1 Transaction Engine.</Description><MinRange>0</MinRange><MaxRange>0</MaxRange><Value xsi:type="boolean">0</Value><ReadOnly>true</ReadOnly><AlertXMLAssigned>false</AlertXMLAssigned></ContextItem><ContextItem><Name>AutoAppendBlankNamespaces</Name><Description>AutoAppendBlankNamespaces</Description><MinRange>0</MinRange><MaxRange>0</MaxRange><Value xsi:type="boolean">1</Value><ReadOnly>true</ReadOnly><AlertXMLAssigned>false</AlertXMLAssigned></ContextItem><ContextItem><Name>ThrowOnLinkError</Name><Description>Throws an exception when a link error occures</Description><MinRange>0</MinRange><MaxRange>0</MaxRange><Value xsi:type="boolean">0</Value><ReadOnly>true</ReadOnly><AlertXMLAssigned>false</AlertXMLAssigned></ContextItem><ContextItem><Name>ThrowOnActionError</Name><Description>Throws an exception when an action error occurs</Description><MinRange>0</MinRange><MaxRange>0</MaxRange><Value xsi:type="boolean">1</Value><ReadOnly>true</ReadOnly><AlertXMLAssigned>false</AlertXMLAssigned></ContextItem><ContextItem><Name>FormatXMLOnConversion</Name><Description>By default XML will be formatted when assigned from XML data type to String data type. This behaviour can be changed with this flag.</Description><MinRange>0</MinRange><MaxRange>0</MaxRange><Value xsi:type="boolean">1</Value><ReadOnly>true</ReadOnly><AlertXMLAssigned>false</AlertXMLAssigned></ContextItem><ContextItem><Name>LastEditedBy</Name><Description>Last Edited By</Description><MinRange>0</MinRange><MaxRange>0</MaxRange><Value xsi:type="xsd:string">Vignesh</Value><ReadOnly>true</ReadOnly><AlertXMLAssigned>false</AlertXMLAssigned></ContextItem><ContextItem><Name>LastEditedDate</Name><Description>Last Edited Date</Description><MinRange>0</MinRange><MaxRange>0</MaxRange><Value xsi:type="xsd:dateTime">2021-05-15T22:26:32</Value><ReadOnly>true</ReadOnly><AlertXMLAssigned>false</AlertXMLAssigned></ContextItem></TransactionAttributes><Name>SMT_TRAINING/Vignesh/TASKS/DemoApp/ChartApp/BLS_BookData</Name><Version>14</Version><WriterRoles>SAP_XMII_Super_Administrator,SAP_XMII_Administrator,SAP_XMII_Developer</WriterRoles><Context><ContextItem><Name>OUTPUT_xml</Name><Description/><MinRange>0</MinRange><MaxRange>0</MaxRange><Value xsi:type="xml"><ReferenceDocumentSource/></Value><SchemaURI/><SchemaElement/><ValidateXMLOnExecution>1</ValidateXMLOnExecution><ReadOnly>true</ReadOnly><AlertXMLAssigned>false</AlertXMLAssigned></ContextItem><ContextItem><Name>result</Name><Description/><MinRange>0</MinRange><MaxRange>0</MaxRange><Value xsi:type="string"/><ReadOnly>true</ReadOnly><AlertXMLAssigned>false</AlertXMLAssigned></ContextItem></Context><Local><ContextItem><Name>results</Name><Description/><MinRange>0</MinRange><MaxRange>0</MaxRange><Value xsi:type="string"/><ReadOnly>false</ReadOnly><AlertXMLAssigned>false</AlertXMLAssigned></ContextItem><ContextItem><Name>xml</Name><Description/><MinRange>0</MinRange><MaxRange>0</MaxRange><Value xsi:type="string">&lt;?xml version="1.0" encoding="UTF-8"?&gt;&lt;Rowsets CachedTime="" DateCreated="2021-05-14T14:01:58" EndDate="2021-05-14T14:01:58" StartDate="2021-05-14T13:01:58" Version="15.1 SP5 Patch 4 (Aug 30, 2017)"&gt;
    &lt;Rowset&gt;
        &lt;Columns&gt;
            &lt;Column Description="ItemCategory" MaxRange="1" MinRange="0" Name="ItemCategory" SQLDataType="12" SourceColumn="ItemCategory"/&gt;

            &lt;Column Description="Profit" MaxRange="1" MinRange="0" Name="Profit" SQLDataType="3" SourceColumn="Profit"/&gt;


            &lt;Column Description="Cost" MaxRange="1" MinRange="0" Name="Cost" SQLDataType="3" SourceColumn="Cost"/&gt;
            &lt;Column Description="Revenue" MaxRange="1" MinRange="0" Name="Revenue" SQLDataType="3" SourceColumn="Revenue"/&gt;

        &lt;/Columns&gt;
        &lt;Row&gt;
            &lt;ItemCategory&gt;Action Movies&lt;/ItemCategory&gt;
            &lt;Profit&gt;173793.31&lt;/Profit&gt;
            &lt;Cost&gt;295584.81&lt;/Cost&gt;
            &lt;Revenue&gt;469378.12&lt;/Revenue&gt;
        &lt;/Row&gt;
   &lt;/Rowset&gt;
&lt;/Rowsets&gt;</Value><ReadOnly>false</ReadOnly><AlertXMLAssigned>false</AlertXMLAssigned></ContextItem></Local><Layout><GUILayoutItem><Name>Sequence</Name><X>8</X><Y>144</Y><Width>240</Width><SpacingWidth>240</SpacingWidth><DescendantWidth>120</DescendantWidth><Height>96</Height></GUILayoutItem><GUILayoutItem><Name>Sequence_0</Name><X>68</X><Y>688</Y><Width>120</Width><SpacingWidth>120</SpacingWidth><DescendantWidth>0</DescendantWidth><Height>96</Height></GUILayoutItem><GUILayoutItem><Name>Tracer_0</Name><X>76</X><Y>704</Y><Width>104</Width><SpacingWidth>0</SpacingWidth><DescendantWidth>0</DescendantWidth><Height>72</Height></GUILayoutItem><GUILayoutItem><Name>Sequence_1</Name><X>68</X><Y>552</Y><Width>120</Width><SpacingWidth>120</SpacingWidth><DescendantWidth>120</DescendantWidth><Height>96</Height></GUILayoutItem><GUILayoutItem><Name>Sequence_2</Name><X>8</X><Y>8</Y><Width>240</Width><SpacingWidth>240</SpacingWidth><DescendantWidth>240</DescendantWidth><Height>96</Height></GUILayoutItem><GUILayoutItem><Name>Joiner_0</Name><X>16</X><Y>160</Y><Width>104</Width><SpacingWidth>0</SpacingWidth><DescendantWidth>0</DescendantWidth><Height>72</Height></GUILayoutItem><GUILayoutItem><Name>Sequence_3</Name><X>68</X><Y>280</Y><Width>120</Width><SpacingWidth>120</SpacingWidth><DescendantWidth>120</DescendantWidth><Height>96</Height></GUILayoutItem><GUILayoutItem><Name>Joiner_1</Name><X>76</X><Y>296</Y><Width>104</Width><SpacingWidth>0</SpacingWidth><DescendantWidth>0</DescendantWidth><Height>72</Height></GUILayoutItem><GUILayoutItem><Name>Sequence_4</Name><X>68</X><Y>416</Y><Width>120</Width><SpacingWidth>120</SpacingWidth><DescendantWidth>120</DescendantWidth><Height>96</Height></GUILayoutItem><GUILayoutItem><Name>Assignment_0</Name><X>76</X><Y>432</Y><Width>104</Width><SpacingWidth>0</SpacingWidth><DescendantWidth>0</DescendantWidth><Height>72</Height></GUILayoutItem><GUILayoutItem><Name>SQL_Book1Datas_0</Name><X>16</X><Y>24</Y><Width>104</Width><SpacingWidth>0</SpacingWidth><DescendantWidth>0</DescendantWidth><Height>72</Height></GUILayoutItem><GUILayoutItem><Name>SQL_Book2Datas_0</Name><X>136</X><Y>24</Y><Width>104</Width><SpacingWidth>0</SpacingWidth><DescendantWidth>0</DescendantWidth><Height>72</Height></GUILayoutItem><GUILayoutItem><Name>SQL_Book3Data_0</Name><X>136</X><Y>160</Y><Width>104</Width><SpacingWidth>0</SpacingWidth><DescendantWidth>0</DescendantWidth><Height>72</Height></GUILayoutItem><GUILayoutItem><Name>Assignment_1</Name><X>76</X><Y>568</Y><Width>104</Width><SpacingWidth>0</SpacingWidth><DescendantWidth>0</DescendantWidth><Height>72</Height></GUILayoutItem></Layout><Actions><ContextItem><Name>Tracer_0</Name><Description/><MinRange>0</MinRange><MaxRange>0</MaxRange><Value xsi:type="Tracer"><Message/><Level>INFO</Level></Value><ReadOnly>false</ReadOnly><AlertXMLAssigned>false</AlertXMLAssigned></ContextItem><ContextItem><Name>Joiner_0</Name><Description/><MinRange>0</MinRange><MaxRange>0</MaxRange><Value xsi:type="Joiner"><Output><ReferenceDocumentSource/>&lt;?xml version="1.0" encoding="UTF-8"?&gt;&lt;Rowsets CachedTime="" DateCreated="2021-05-15T22:12:24" EndDate="2021-05-15T22:12:24" StartDate="2021-05-15T21:12:24" Version="15.1 SP5 Patch 4 (Aug 30, 2017)"&gt;&lt;Rowset&gt;&lt;Columns&gt;&lt;Column Description="ItemCategory" MaxRange="1" MinRange="0" Name="ItemCategory" SQLDataType="12" SourceColumn="ItemCategory"/&gt;&lt;Column Description="City" MaxRange="1" MinRange="0" Name="City" SQLDataType="12" SourceColumn="City"/&gt;&lt;Column Description="Profit" MaxRange="1" MinRange="0" Name="Profit" SQLDataType="3" SourceColumn="Profit"/&gt;&lt;Column Description="Item_Id" MaxRange="1" MinRange="0" Name="Item_Id" SQLDataType="4" SourceColumn="Item_Id"/&gt;&lt;Column Description="UnitPrice" MaxRange="1" MinRange="0" Name="UnitPrice" SQLDataType="3" SourceColumn="UnitPrice"/&gt;&lt;Column Description="UnitsAvailable" MaxRange="1" MinRange="0" Name="UnitsAvailable" SQLDataType="4" SourceColumn="UnitsAvailable"/&gt;&lt;Column Description="Cost" MaxRange="1" MinRange="0" Name="Cost" SQLDataType="3" SourceColumn="Cost"/&gt;&lt;/Columns&gt;&lt;Row&gt;&lt;ItemCategory&gt;Action Movies&lt;/ItemCategory&gt;&lt;City&gt;New York&lt;/City&gt;&lt;Profit&gt;173793.31&lt;/Profit&gt;&lt;Item_Id&gt;101&lt;/Item_Id&gt;&lt;UnitPrice&gt;1240.79&lt;/UnitPrice&gt;&lt;UnitsAvailable&gt;17336&lt;/UnitsAvailable&gt;&lt;Cost&gt;295584.81&lt;/Cost&gt;&lt;/Row&gt;&lt;Row&gt;&lt;ItemCategory&gt;Alternative Movies&lt;/ItemCategory&gt;&lt;City&gt;New York&lt;/City&gt;&lt;Profit&gt;140874.87&lt;/Profit&gt;&lt;Item_Id&gt;102&lt;/Item_Id&gt;&lt;UnitPrice&gt;140874.87&lt;/UnitPrice&gt;&lt;UnitsAvailable&gt;1319&lt;/UnitsAvailable&gt;&lt;Cost&gt;215065.45&lt;/Cost&gt;&lt;/Row&gt;&lt;Row&gt;&lt;ItemCategory&gt;Audio Equipment&lt;/ItemCategory&gt;&lt;City&gt;New York&lt;/City&gt;&lt;Profit&gt;56994.34&lt;/Profit&gt;&lt;Item_Id&gt;103&lt;/Item_Id&gt;&lt;UnitPrice&gt;56994.34&lt;/UnitPrice&gt;&lt;UnitsAvailable&gt;763&lt;/UnitsAvailable&gt;&lt;Cost&gt;115132.04&lt;/Cost&gt;&lt;/Row&gt;&lt;Row&gt;&lt;ItemCategory&gt;Cameras&lt;/ItemCategory&gt;&lt;City&gt;New York&lt;/City&gt;&lt;Profit&gt;81093.43&lt;/Profit&gt;&lt;Item_Id&gt;104&lt;/Item_Id&gt;&lt;UnitPrice&gt;1143.57&lt;/UnitPrice&gt;&lt;UnitsAvailable&gt;14917&lt;/UnitsAvailable&gt;&lt;Cost&gt;171742.42&lt;/Cost&gt;&lt;/Row&gt;&lt;Row&gt;&lt;ItemCategory&gt;Comedy Movies&lt;/ItemCategory&gt;&lt;City&gt;New York&lt;/City&gt;&lt;Profit&gt;150465.23&lt;/Profit&gt;&lt;Item_Id&gt;105&lt;/Item_Id&gt;&lt;UnitPrice&gt;2268.02&lt;/UnitPrice&gt;&lt;UnitsAvailable&gt;22449&lt;/UnitsAvailable&gt;&lt;Cost&gt;331033.94&lt;/Cost&gt;&lt;/Row&gt;&lt;Row&gt;&lt;ItemCategory&gt;Country Music&lt;/ItemCategory&gt;&lt;City&gt;New York&lt;/City&gt;&lt;Profit&gt;115242.56&lt;/Profit&gt;&lt;Item_Id&gt;106&lt;/Item_Id&gt;&lt;UnitPrice&gt;1456.91&lt;/UnitPrice&gt;&lt;UnitsAvailable&gt;17996&lt;/UnitsAvailable&gt;&lt;Cost&gt;207854.46&lt;/Cost&gt;&lt;/Row&gt;&lt;Row&gt;&lt;ItemCategory&gt;Drama&lt;/ItemCategory&gt;&lt;City&gt;New York&lt;/City&gt;&lt;Profit&gt;124653.66&lt;/Profit&gt;&lt;Item_Id&gt;107&lt;/Item_Id&gt;&lt;UnitPrice&gt;1369.83&lt;/UnitPrice&gt;&lt;UnitsAvailable&gt;23662&lt;/UnitsAvailable&gt;&lt;Cost&gt;243875.22&lt;/Cost&gt;&lt;/Row&gt;&lt;Row&gt;&lt;ItemCategory&gt;Horror Movies&lt;/ItemCategory&gt;&lt;City&gt;New York&lt;/City&gt;&lt;Profit&gt;124668.09&lt;/Profit&gt;&lt;Item_Id&gt;108&lt;/Item_Id&gt;&lt;UnitPrice&gt;1658.12&lt;/UnitPrice&gt;&lt;UnitsAvailable&gt;26538&lt;/UnitsAvailable&gt;&lt;Cost&gt;294962&lt;/Cost&gt;&lt;/Row&gt;&lt;Row&gt;&lt;ItemCategory&gt;Pop&lt;/ItemCategory&gt;&lt;City&gt;New York&lt;/City&gt;&lt;Profit&gt;7955.24&lt;/Profit&gt;&lt;Item_Id&gt;109&lt;/Item_Id&gt;&lt;UnitPrice&gt;148.76&lt;/UnitPrice&gt;&lt;UnitsAvailable&gt;6227&lt;/UnitsAvailable&gt;&lt;Cost&gt;20362.45&lt;/Cost&gt;&lt;/Row&gt;&lt;Row&gt;&lt;ItemCategory&gt;Rock&lt;/ItemCategory&gt;&lt;City&gt;New York&lt;/City&gt;&lt;Profit&gt;141583.73&lt;/Profit&gt;&lt;Item_Id&gt;110&lt;/Item_Id&gt;&lt;UnitPrice&gt;1337.09&lt;/UnitPrice&gt;&lt;UnitsAvailable&gt;14801&lt;/UnitsAvailable&gt;&lt;Cost&gt;253598.76&lt;/Cost&gt;&lt;/Row&gt;&lt;Row&gt;&lt;ItemCategory&gt;Soul/R&amp;amp;B&lt;/ItemCategory&gt;&lt;City&gt;New York&lt;/City&gt;&lt;Profit&gt;80381.86&lt;/Profit&gt;&lt;Item_Id&gt;111&lt;/Item_Id&gt;&lt;UnitPrice&gt;1250.65&lt;/UnitPrice&gt;&lt;UnitsAvailable&gt;11900&lt;/UnitsAvailable&gt;&lt;Cost&gt;142550.68&lt;/Cost&gt;&lt;/Row&gt;&lt;Row&gt;&lt;ItemCategory&gt;TVs&lt;/ItemCategory&gt;&lt;City&gt;New York&lt;/City&gt;&lt;Profit&gt;87620.46&lt;/Profit&gt;&lt;Item_Id&gt;112&lt;/Item_Id&gt;&lt;UnitPrice&gt;967.09&lt;/UnitPrice&gt;&lt;UnitsAvailable&gt;16738&lt;/UnitsAvailable&gt;&lt;Cost&gt;174617.63&lt;/Cost&gt;&lt;/Row&gt;&lt;Row&gt;&lt;ItemCategory&gt;Video Equipment&lt;/ItemCategory&gt;&lt;City&gt;New York&lt;/City&gt;&lt;Profit&gt;23242.33&lt;/Profit&gt;&lt;Item_Id&gt;113&lt;/Item_Id&gt;&lt;UnitPrice&gt;209.79&lt;/UnitPrice&gt;&lt;UnitsAvailable&gt;6344&lt;/UnitsAvailable&gt;&lt;Cost&gt;42853.89&lt;/Cost&gt;&lt;/Row&gt;&lt;/Rowset&gt;&lt;/Rowsets&gt;</Output><NullDateValue>TimeUnavailable</NullDateValue><ParentSource>SQL_Book1Datas_0.Results</ParentSource><ChildColumn1>Item_Id</ChildColumn1><ChildColumn3/><ParentColumn2/><ChildColumn2/><ParentColumn4/><ParentColumn1>Item_Id</ParentColumn1><ChildColumn4/><ChildSource>SQL_Book2Datas_0.Results</ChildSource><JoinType>INNER</JoinType><ParentColumn3/><NullStringValue>---</NullStringValue><NullNumberValue>NA</NullNumberValue></Value><SchemaURI/><SchemaElement/><ValidateXMLOnExecution>1</ValidateXMLOnExecution><ReadOnly>false</ReadOnly><AlertXMLAssigned>false</AlertXMLAssigned></ContextItem><ContextItem><Name>Joiner_1</Name><Description/><MinRange>0</MinRange><MaxRange>0</MaxRange><Value xsi:type="Joiner"><Output><ReferenceDocumentSource/>&lt;?xml version="1.0" encoding="UTF-8"?&gt;&lt;Rowsets CachedTime="" DateCreated="2021-05-15T22:12:24" EndDate="2021-05-15T22:12:24" StartDate="2021-05-15T21:12:24" Version="15.1 SP5 Patch 4 (Aug 30, 2017)"&gt;&lt;Rowset&gt;&lt;Columns&gt;&lt;Column Description="ItemCategory" MaxRange="1" MinRange="0" Name="ItemCategory" SQLDataType="12" SourceColumn="ItemCategory"/&gt;&lt;Column Description="City" MaxRange="1" MinRange="0" Name="City" SQLDataType="12" SourceColumn="City"/&gt;&lt;Column Description="Profit" MaxRange="1" MinRange="0" Name="Profit" SQLDataType="3" SourceColumn="Profit"/&gt;&lt;Column Description="Item_Id" MaxRange="1" MinRange="0" Name="Item_Id" SQLDataType="4" SourceColumn="Item_Id"/&gt;&lt;Column Description="UnitPrice" MaxRange="1" MinRange="0" Name="UnitPrice" SQLDataType="3" SourceColumn="UnitPrice"/&gt;&lt;Column Description="UnitsAvailable" MaxRange="1" MinRange="0" Name="UnitsAvailable" SQLDataType="4" SourceColumn="UnitsAvailable"/&gt;&lt;Column Description="Cost" MaxRange="1" MinRange="0" Name="Cost" SQLDataType="3" SourceColumn="Cost"/&gt;&lt;Column Description="Revenue" MaxRange="1" MinRange="0" Name="Revenue" SQLDataType="3" SourceColumn="Revenue"/&gt;&lt;/Columns&gt;&lt;/Rowset&gt;&lt;/Rowsets&gt;</Output><NullDateValue>TimeUnavailable</NullDateValue><ParentSource>Joiner_0.Output</ParentSource><ChildColumn1>ItemCategory</ChildColumn1><ChildColumn3/><ParentColumn2/><ChildColumn2/><ParentColumn4/><ParentColumn1>Item_Id</ParentColumn1><ChildColumn4/><ChildSource>SQL_Book3Data_0.Results</ChildSource><JoinType>INNER</JoinType><ParentColumn3/><NullStringValue>---</NullStringValue><NullNumberValue>NA</NullNumberValue></Value><SchemaURI/><SchemaElement/><ValidateXMLOnExecution>1</ValidateXMLOnExecution><ReadOnly>false</ReadOnly><AlertXMLAssigned>false</AlertXMLAssigned></ContextItem><ContextItem><Name>Assignment_0</Name><Description/><MinRange>0</MinRange><MaxRange>0</MaxRange><Value xsi:type="Assignment"/><ReadOnly>false</ReadOnly><AlertXMLAssigned>false</AlertXMLAssigned></ContextItem><ContextItem><Name>SQL_Book1Datas_0</Name><Description/><MinRange>0</MinRange><MaxRange>0</MaxRange><Value xsi:type="IlluminatorSQLQueryObject"><Timeout>60</Timeout><QueryStartDate>2021-05-15T22:13:21</QueryStartDate><QueryParameters/><SQLTransaction/><QueryEndDate>2021-05-15T22:13:21</QueryEndDate><TagList/><Results><ReferenceDocumentSource/>&lt;?xml version="1.0" encoding="UTF-8"?&gt;&lt;Rowsets CachedTime="" DateCreated="2021-05-15T22:12:24" EndDate="2021-05-15T22:12:24" StartDate="2021-05-15T21:12:24" Version="15.1 SP5 Patch 4 (Aug 30, 2017)"&gt;&lt;Rowset&gt;&lt;Columns&gt;&lt;Column Description="ItemCategory" MaxRange="1" MinRange="0" Name="ItemCategory" SQLDataType="12" SourceColumn="ItemCategory"/&gt;&lt;Column Description="City" MaxRange="1" MinRange="0" Name="City" SQLDataType="12" SourceColumn="City"/&gt;&lt;Column Description="Profit" MaxRange="1" MinRange="0" Name="Profit" SQLDataType="3" SourceColumn="Profit"/&gt;&lt;Column Description="Item_Id" MaxRange="1" MinRange="0" Name="Item_Id" SQLDataType="4" SourceColumn="Item_Id"/&gt;&lt;/Columns&gt;&lt;Row&gt;&lt;ItemCategory&gt;Action Movies&lt;/ItemCategory&gt;&lt;City&gt;New York&lt;/City&gt;&lt;Profit&gt;173793.31&lt;/Profit&gt;&lt;Item_Id&gt;101&lt;/Item_Id&gt;&lt;/Row&gt;&lt;Row&gt;&lt;ItemCategory&gt;Alternative Movies&lt;/ItemCategory&gt;&lt;City&gt;New York&lt;/City&gt;&lt;Profit&gt;140874.87&lt;/Profit&gt;&lt;Item_Id&gt;102&lt;/Item_Id&gt;&lt;/Row&gt;&lt;Row&gt;&lt;ItemCategory&gt;Audio Equipment&lt;/ItemCategory&gt;&lt;City&gt;New York&lt;/City&gt;&lt;Profit&gt;56994.34&lt;/Profit&gt;&lt;Item_Id&gt;103&lt;/Item_Id&gt;&lt;/Row&gt;&lt;Row&gt;&lt;ItemCategory&gt;Cameras&lt;/ItemCategory&gt;&lt;City&gt;New York&lt;/City&gt;&lt;Profit&gt;81093.43&lt;/Profit&gt;&lt;Item_Id&gt;104&lt;/Item_Id&gt;&lt;/Row&gt;&lt;Row&gt;&lt;ItemCategory&gt;Comedy Movies&lt;/ItemCategory&gt;&lt;City&gt;New York&lt;/City&gt;&lt;Profit&gt;150465.23&lt;/Profit&gt;&lt;Item_Id&gt;105&lt;/Item_Id&gt;&lt;/Row&gt;&lt;Row&gt;&lt;ItemCategory&gt;Country Music&lt;/ItemCategory&gt;&lt;City&gt;New York&lt;/City&gt;&lt;Profit&gt;115242.56&lt;/Profit&gt;&lt;Item_Id&gt;106&lt;/Item_Id&gt;&lt;/Row&gt;&lt;Row&gt;&lt;ItemCategory&gt;Drama&lt;/ItemCategory&gt;&lt;City&gt;New York&lt;/City&gt;&lt;Profit&gt;124653.66&lt;/Profit&gt;&lt;Item_Id&gt;107&lt;/Item_Id&gt;&lt;/Row&gt;&lt;Row&gt;&lt;ItemCategory&gt;Horror Movies&lt;/ItemCategory&gt;&lt;City&gt;New York&lt;/City&gt;&lt;Profit&gt;124668.09&lt;/Profit&gt;&lt;Item_Id&gt;108&lt;/Item_Id&gt;&lt;/Row&gt;&lt;Row&gt;&lt;ItemCategory&gt;Pop&lt;/ItemCategory&gt;&lt;City&gt;New York&lt;/City&gt;&lt;Profit&gt;7955.24&lt;/Profit&gt;&lt;Item_Id&gt;109&lt;/Item_Id&gt;&lt;/Row&gt;&lt;Row&gt;&lt;ItemCategory&gt;Rock&lt;/ItemCategory&gt;&lt;City&gt;New York&lt;/City&gt;&lt;Profit&gt;141583.73&lt;/Profit&gt;&lt;Item_Id&gt;110&lt;/Item_Id&gt;&lt;/Row&gt;&lt;Row&gt;&lt;ItemCategory&gt;Soul/R&amp;amp;B&lt;/ItemCategory&gt;&lt;City&gt;New York&lt;/City&gt;&lt;Profit&gt;80381.86&lt;/Profit&gt;&lt;Item_Id&gt;111&lt;/Item_Id&gt;&lt;/Row&gt;&lt;Row&gt;&lt;ItemCategory&gt;TVs&lt;/ItemCategory&gt;&lt;City&gt;New York&lt;/City&gt;&lt;Profit&gt;87620.46&lt;/Profit&gt;&lt;Item_Id&gt;112&lt;/Item_Id&gt;&lt;/Row&gt;&lt;Row&gt;&lt;ItemCategory&gt;Video Equipment&lt;/ItemCategory&gt;&lt;City&gt;New York&lt;/City&gt;&lt;Profit&gt;23242.33&lt;/Profit&gt;&lt;Item_Id&gt;113&lt;/Item_Id&gt;&lt;/Row&gt;&lt;/Rowset&gt;&lt;/Rowsets&gt;</Results><QueryTemplate>SMT_TRAINING/Vignesh/TASKS/DemoApp/ChartApp/SQL_Book1Datas</QueryTemplate></Value><SchemaURI/><SchemaElement/><ValidateXMLOnExecution>1</ValidateXMLOnExecution><ReadOnly>false</ReadOnly><AlertXMLAssigned>false</AlertXMLAssigned></ContextItem><ContextItem><Name>SQL_Book2Datas_0</Name><Description/><MinRange>0</MinRange><MaxRange>0</MaxRange><Value xsi:type="IlluminatorSQLQueryObject"><Timeout>60</Timeout><QueryStartDate>2021-05-15T22:13:28</QueryStartDate><QueryParameters/><SQLTransaction/><QueryEndDate>2021-05-15T22:13:28</QueryEndDate><TagList/><Results><ReferenceDocumentSource/>&lt;?xml version="1.0" encoding="UTF-8"?&gt;&lt;Rowsets CachedTime="" DateCreated="2021-05-15T22:12:30" EndDate="2021-05-15T22:12:30" StartDate="2021-05-15T21:12:30" Version="15.1 SP5 Patch 4 (Aug 30, 2017)"&gt;&lt;Rowset&gt;&lt;Columns&gt;&lt;Column Description="UnitPrice" MaxRange="1" MinRange="0" Name="UnitPrice" SQLDataType="3" SourceColumn="UnitPrice"/&gt;&lt;Column Description="UnitsAvailable" MaxRange="1" MinRange="0" Name="UnitsAvailable" SQLDataType="4" SourceColumn="UnitsAvailable"/&gt;&lt;Column Description="Item_Id" MaxRange="1" MinRange="0" Name="Item_Id" SQLDataType="4" SourceColumn="Item_Id"/&gt;&lt;Column Description="Cost" MaxRange="1" MinRange="0" Name="Cost" SQLDataType="3" SourceColumn="Cost"/&gt;&lt;/Columns&gt;&lt;Row&gt;&lt;UnitPrice&gt;1240.79&lt;/UnitPrice&gt;&lt;UnitsAvailable&gt;17336&lt;/UnitsAvailable&gt;&lt;Item_Id&gt;101&lt;/Item_Id&gt;&lt;Cost&gt;295584.81&lt;/Cost&gt;&lt;/Row&gt;&lt;Row&gt;&lt;UnitPrice&gt;140874.87&lt;/UnitPrice&gt;&lt;UnitsAvailable&gt;1319&lt;/UnitsAvailable&gt;&lt;Item_Id&gt;102&lt;/Item_Id&gt;&lt;Cost&gt;215065.45&lt;/Cost&gt;&lt;/Row&gt;&lt;Row&gt;&lt;UnitPrice&gt;56994.34&lt;/UnitPrice&gt;&lt;UnitsAvailable&gt;763&lt;/UnitsAvailable&gt;&lt;Item_Id&gt;103&lt;/Item_Id&gt;&lt;Cost&gt;115132.04&lt;/Cost&gt;&lt;/Row&gt;&lt;Row&gt;&lt;UnitPrice&gt;1143.57&lt;/UnitPrice&gt;&lt;UnitsAvailable&gt;14917&lt;/UnitsAvailable&gt;&lt;Item_Id&gt;104&lt;/Item_Id&gt;&lt;Cost&gt;171742.42&lt;/Cost&gt;&lt;/Row&gt;&lt;Row&gt;&lt;UnitPrice&gt;2268.02&lt;/UnitPrice&gt;&lt;UnitsAvailable&gt;22449&lt;/UnitsAvailable&gt;&lt;Item_Id&gt;105&lt;/Item_Id&gt;&lt;Cost&gt;331033.94&lt;/Cost&gt;&lt;/Row&gt;&lt;Row&gt;&lt;UnitPrice&gt;1456.91&lt;/UnitPrice&gt;&lt;UnitsAvailable&gt;17996&lt;/UnitsAvailable&gt;&lt;Item_Id&gt;106&lt;/Item_Id&gt;&lt;Cost&gt;207854.46&lt;/Cost&gt;&lt;/Row&gt;&lt;Row&gt;&lt;UnitPrice&gt;1369.83&lt;/UnitPrice&gt;&lt;UnitsAvailable&gt;23662&lt;/UnitsAvailable&gt;&lt;Item_Id&gt;107&lt;/Item_Id&gt;&lt;Cost&gt;243875.22&lt;/Cost&gt;&lt;/Row&gt;&lt;Row&gt;&lt;UnitPrice&gt;1658.12&lt;/UnitPrice&gt;&lt;UnitsAvailable&gt;26538&lt;/UnitsAvailable&gt;&lt;Item_Id&gt;108&lt;/Item_Id&gt;&lt;Cost&gt;294962&lt;/Cost&gt;&lt;/Row&gt;&lt;Row&gt;&lt;UnitPrice&gt;148.76&lt;/UnitPrice&gt;&lt;UnitsAvailable&gt;6227&lt;/UnitsAvailable&gt;&lt;Item_Id&gt;109&lt;/Item_Id&gt;&lt;Cost&gt;20362.45&lt;/Cost&gt;&lt;/Row&gt;&lt;Row&gt;&lt;UnitPrice&gt;1337.09&lt;/UnitPrice&gt;&lt;UnitsAvailable&gt;14801&lt;/UnitsAvailable&gt;&lt;Item_Id&gt;110&lt;/Item_Id&gt;&lt;Cost&gt;253598.76&lt;/Cost&gt;&lt;/Row&gt;&lt;Row&gt;&lt;UnitPrice&gt;1250.65&lt;/UnitPrice&gt;&lt;UnitsAvailable&gt;11900&lt;/UnitsAvailable&gt;&lt;Item_Id&gt;111&lt;/Item_Id&gt;&lt;Cost&gt;142550.68&lt;/Cost&gt;&lt;/Row&gt;&lt;Row&gt;&lt;UnitPrice&gt;967.09&lt;/UnitPrice&gt;&lt;UnitsAvailable&gt;16738&lt;/UnitsAvailable&gt;&lt;Item_Id&gt;112&lt;/Item_Id&gt;&lt;Cost&gt;174617.63&lt;/Cost&gt;&lt;/Row&gt;&lt;Row&gt;&lt;UnitPrice&gt;209.79&lt;/UnitPrice&gt;&lt;UnitsAvailable&gt;6344&lt;/UnitsAvailable&gt;&lt;Item_Id&gt;113&lt;/Item_Id&gt;&lt;Cost&gt;42853.89&lt;/Cost&gt;&lt;/Row&gt;&lt;/Rowset&gt;&lt;/Rowsets&gt;</Results><QueryTemplate>SMT_TRAINING/Vignesh/TASKS/DemoApp/ChartApp/SQL_Book2Datas</QueryTemplate></Value><SchemaURI/><SchemaElement/><ValidateXMLOnExecution>1</ValidateXMLOnExecution><ReadOnly>false</ReadOnly><AlertXMLAssigned>false</AlertXMLAssigned></ContextItem><ContextItem><Name>SQL_Book3Data_0</Name><Description/><MinRange>0</MinRange><MaxRange>0</MaxRange><Value xsi:type="IlluminatorSQLQueryObject"><Timeout>60</Timeout><QueryStartDate>2021-05-15T22:15:22</QueryStartDate><QueryParameters/><SQLTransaction/><QueryEndDate>2021-05-15T22:15:22</QueryEndDate><TagList/><Results><ReferenceDocumentSource/>&lt;?xml version="1.0" encoding="UTF-8"?&gt;&lt;Rowsets CachedTime="" DateCreated="2021-05-15T22:14:23" EndDate="2021-05-15T22:14:23" StartDate="2021-05-15T21:14:23" Version="15.1 SP5 Patch 4 (Aug 30, 2017)"&gt;&lt;Rowset&gt;&lt;Columns&gt;&lt;Column Description="ItemCategory" MaxRange="1" MinRange="0" Name="ItemCategory" SQLDataType="12" SourceColumn="ItemCategory"/&gt;&lt;Column Description="Profit" MaxRange="1" MinRange="0" Name="Profit" SQLDataType="3" SourceColumn="Profit"/&gt;&lt;Column Description="Cost" MaxRange="1" MinRange="0" Name="Cost" SQLDataType="3" SourceColumn="Cost"/&gt;&lt;Column Description="Revenue" MaxRange="1" MinRange="0" Name="Revenue" SQLDataType="3" SourceColumn="Revenue"/&gt;&lt;/Columns&gt;&lt;Row&gt;&lt;ItemCategory&gt;Action Movies&lt;/ItemCategory&gt;&lt;Profit&gt;173793.31&lt;/Profit&gt;&lt;Cost&gt;295584.81&lt;/Cost&gt;&lt;Revenue&gt;469378.12&lt;/Revenue&gt;&lt;/Row&gt;&lt;Row&gt;&lt;ItemCategory&gt;Alternative Movies&lt;/ItemCategory&gt;&lt;Profit&gt;140874.87&lt;/Profit&gt;&lt;Cost&gt;215065.45&lt;/Cost&gt;&lt;Revenue&gt;355940.33&lt;/Revenue&gt;&lt;/Row&gt;&lt;Row&gt;&lt;ItemCategory&gt;Audio Equipment&lt;/ItemCategory&gt;&lt;Profit&gt;56994.34&lt;/Profit&gt;&lt;Cost&gt;115132.04&lt;/Cost&gt;&lt;Revenue&gt;172126.37&lt;/Revenue&gt;&lt;/Row&gt;&lt;Row&gt;&lt;ItemCategory&gt;Cameras&lt;/ItemCategory&gt;&lt;Profit&gt;81093.43&lt;/Profit&gt;&lt;Cost&gt;171742.42&lt;/Cost&gt;&lt;Revenue&gt;252835.82&lt;/Revenue&gt;&lt;/Row&gt;&lt;Row&gt;&lt;ItemCategory&gt;Comedy Movies&lt;/ItemCategory&gt;&lt;Profit&gt;150465.23&lt;/Profit&gt;&lt;Cost&gt;331033.94&lt;/Cost&gt;&lt;Revenue&gt;481499.18&lt;/Revenue&gt;&lt;/Row&gt;&lt;Row&gt;&lt;ItemCategory&gt;Country Music&lt;/ItemCategory&gt;&lt;Profit&gt;115242.56&lt;/Profit&gt;&lt;Cost&gt;207854.46&lt;/Cost&gt;&lt;Revenue&gt;323097.02&lt;/Revenue&gt;&lt;/Row&gt;&lt;Row&gt;&lt;ItemCategory&gt;Drama&lt;/ItemCategory&gt;&lt;Profit&gt;124653.66&lt;/Profit&gt;&lt;Cost&gt;243875.22&lt;/Cost&gt;&lt;Revenue&gt;368528.87&lt;/Revenue&gt;&lt;/Row&gt;&lt;Row&gt;&lt;ItemCategory&gt;Horror Movies&lt;/ItemCategory&gt;&lt;Profit&gt;124668.09&lt;/Profit&gt;&lt;Cost&gt;294962&lt;/Cost&gt;&lt;Revenue&gt;419630.09&lt;/Revenue&gt;&lt;/Row&gt;&lt;Row&gt;&lt;ItemCategory&gt;Pop&lt;/ItemCategory&gt;&lt;Profit&gt;7955.24&lt;/Profit&gt;&lt;Cost&gt;20362.45&lt;/Cost&gt;&lt;Revenue&gt;28317.7&lt;/Revenue&gt;&lt;/Row&gt;&lt;Row&gt;&lt;ItemCategory&gt;Rock&lt;/ItemCategory&gt;&lt;Profit&gt;141583.73&lt;/Profit&gt;&lt;Cost&gt;253598.76&lt;/Cost&gt;&lt;Revenue&gt;395182.49&lt;/Revenue&gt;&lt;/Row&gt;&lt;Row&gt;&lt;ItemCategory&gt;Soul/R&amp;amp;B&lt;/ItemCategory&gt;&lt;Profit&gt;80381.86&lt;/Profit&gt;&lt;Cost&gt;142550.68&lt;/Cost&gt;&lt;Revenue&gt;222932.54&lt;/Revenue&gt;&lt;/Row&gt;&lt;Row&gt;&lt;ItemCategory&gt;TVs&lt;/ItemCategory&gt;&lt;Profit&gt;87620.46&lt;/Profit&gt;&lt;Cost&gt;174617.63&lt;/Cost&gt;&lt;Revenue&gt;262238.09&lt;/Revenue&gt;&lt;/Row&gt;&lt;Row&gt;&lt;ItemCategory&gt;Video Equipment&lt;/ItemCategory&gt;&lt;Profit&gt;23242.33&lt;/Profit&gt;&lt;Cost&gt;42853.89&lt;/Cost&gt;&lt;Revenue&gt;66096.22&lt;/Revenue&gt;&lt;/Row&gt;&lt;/Rowset&gt;&lt;/Rowsets&gt;</Results><QueryTemplate>SMT_TRAINING/Vignesh/TASKS/DemoApp/ChartApp/SQL_Book3Data</QueryTemplate></Value><SchemaURI/><SchemaElement/><ValidateXMLOnExecution>1</ValidateXMLOnExecution><ReadOnly>false</ReadOnly><AlertXMLAssigned>false</AlertXMLAssigned></ContextItem><ContextItem><Name>Assignment_1</Name><Description/><MinRange>0</MinRange><MaxRange>0</MaxRange><Value xsi:type="Assignment"/><ReadOnly>false</ReadOnly><AlertXMLAssigned>false</AlertXMLAssigned></ContextItem></Actions><ReaderRoles>SAP_XMII_Super_Administrator,SAP_XMII_Administrator,SAP_XMII_Developer,SAP_XMII_User</ReaderRoles><Steps><Step xsi:type="ActionSequence"><Name>Sequence_2</Name><Description/><Steps><Step xsi:type="ActionSequence"><Name>Sequence</Name><Description/><Steps><Step xsi:type="ActionSequence"><Name>Sequence_3</Name><Description/><Steps><Step xsi:type="ActionSequence"><Name>Sequence_4</Name><Description/><Steps><Step xsi:type="ActionSequence"><Name>Sequence_1</Name><Description/><Steps><Step xsi:type="ActionSequence"><Name>Sequence_0</Name><Description/><Steps/><Actions><Action><Name>Tracer_0</Name><Description> </Description><IncomingLinks><Assign xsi:type="Assign"><Name/><Description/><To>Tracer_0.Message</To><From>Transaction.result</From></Assign></IncomingLinks><OutgoingLinks/></Action></Actions></Step></Steps><Actions><Action><Name>Assignment_1</Name><Description> </Description><IncomingLinks/><OutgoingLinks><Assign xsi:type="Assign"><Name/><Description/><To>Local.results</To><From>Joiner_1.Output</From></Assign></OutgoingLinks></Action></Actions></Step></Steps><Actions><Action><Name>Assignment_0</Name><Description> </Description><IncomingLinks/><OutgoingLinks><Assign xsi:type="AssignXml"><Name/><Description/><To>Transaction.OUTPUT_xml</To><From>SQL_Book3Data_0.Results</From></Assign><Assign xsi:type="Assign"><Name/><Description/><To>Transaction.result</To><From>SQL_Book3Data_0.Results</From></Assign></OutgoingLinks></Action></Actions></Step></Steps><Actions><Action><Name>Joiner_1</Name><Description> </Description><IncomingLinks/><OutgoingLinks/></Action></Actions></Step></Steps><Actions><Action><Name>Joiner_0</Name><Description> </Description><IncomingLinks/><OutgoingLinks/></Action><Action><Name>SQL_Book3Data_0</Name><Description>SQL Query</Description><IncomingLinks><Assign xsi:type="AssignXml"><Name/><Description/><To>SQL_Book3Data_0.Results</To><From>Transaction.OUTPUT_xml</From></Assign></IncomingLinks><OutgoingLinks/></Action></Actions></Step></Steps><Actions><Action><Name>SQL_Book1Datas_0</Name><Description>SQL Query</Description><IncomingLinks/><OutgoingLinks/></Action><Action><Name>SQL_Book2Datas_0</Name><Description>SQL Query</Description><IncomingLinks/><OutgoingLinks/></Action></Actions></Step></Steps></Transaction>